#
# A fatal error has been detected by the Java Runtime Environment:
#
#  EXCEPTION_ACCESS_VIOLATION (0xc0000005) at pc=0x00007ffa3c3546f0, pid=14904, tid=6676
#
# JRE version: OpenJDK Runtime Environment Temurin-17.0.13+11 (17.0.13+11) (build 17.0.13+11)
# Java VM: OpenJDK 64-Bit Server VM Temurin-17.0.13+11 (17.0.13+11, mixed mode, tiered, compressed oops, compressed class ptrs, parallel gc, windows-amd64)
# Problematic frame:
# V  [jvm.dll+0x6b46f0]
#
# No core dump will be written. Minidumps are not enabled by default on client versions of Windows
#
# If you would like to submit a bug report, please visit:
#   https://github.com/adoptium/adoptium-support/issues
#

---------------  S U M M A R Y ------------

Command Line: --add-modules=ALL-SYSTEM --add-opens=java.base/java.util=ALL-UNNAMED --add-opens=java.base/java.lang=ALL-UNNAMED --add-opens=java.base/sun.nio.fs=ALL-UNNAMED -Declipse.application=org.eclipse.jdt.ls.core.id1 -Dosgi.bundles.defaultStartLevel=4 -Declipse.product=org.eclipse.jdt.ls.core.product -Djava.import.generatesMetadataFilesAtProjectRoot=false -DDetectVMInstallationsJob.disabled=true -Dfile.encoding=utf8 -XX:+UseParallelGC -XX:GCTimeRatio=4 -XX:AdaptiveSizePolicyWeight=90 -Dsun.zip.disableMemoryMapping=true -Xmx1G -Xms100m -Xlog:disable -javaagent:c:\Users\Dayanna\.vscode\extensions\redhat.java-1.37.0-win32-x64\lombok\lombok-1.18.34.jar -XX:+HeapDumpOnOutOfMemoryError -XX:HeapDumpPath=c:\Users\Dayanna\AppData\Roaming\Code\User\workspaceStorage\b07ed621ba5d2c04f47403fa625df284\redhat.java -Daether.dependencyCollector.impl=bf c:\Users\Dayanna\.vscode\extensions\redhat.java-1.37.0-win32-x64\server\plugins\org.eclipse.equinox.launcher_1.6.900.v20240613-2009.jar -configuration c:\Users\Dayanna\AppData\Roaming\Code\User\globalStorage\redhat.java\1.37.0\config_win -data c:\Users\Dayanna\AppData\Roaming\Code\User\workspaceStorage\b07ed621ba5d2c04f47403fa625df284\redhat.java\jdt_ws --pipe=\\.\pipe\lsp-ad5ea52224038b25853b9bf069b70e71-sock

Host: Intel(R) Pentium(R) CPU  N3540  @ 2.16GHz, 4 cores, 3G,  Windows 10 , 64 bit Build 18362 (10.0.18362.1500)
Time: Mon Dec  2 12:49:41 2024 SA Pacific Standard Time elapsed time: 4812.938675 seconds (0d 1h 20m 12s)

---------------  T H R E A D  ---------------

Current thread (0x000002554f2dcae0):  GCTaskThread "GC Thread#3" [stack: 0x000000f417300000,0x000000f417400000] [id=6676]

Stack: [0x000000f417300000,0x000000f417400000],  sp=0x000000f4173ff860,  free space=1022k
Native frames: (J=compiled Java code, j=interpreted, Vv=VM code, C=native code)
V  [jvm.dll+0x6b46f0]
V  [jvm.dll+0x6b4f7e]
V  [jvm.dll+0x6b67a4]
V  [jvm.dll+0x6beaef]
V  [jvm.dll+0x86725b]
V  [jvm.dll+0x8672a6]
V  [jvm.dll+0x7e8ffc]
V  [jvm.dll+0x6818f7]
C  [ucrtbase.dll+0x210b2]
C  [KERNEL32.DLL+0x17c24]
C  [ntdll.dll+0x6d721]


siginfo: EXCEPTION_ACCESS_VIOLATION (0xc0000005), reading address 0xffffffffffffffff


Registers:
RAX=0x1fffffffe8000000, RBX=0x0000000000000001, RCX=0x0000000000000000, RDX=0x00000000c120c2b0
RSP=0x000000f4173ff860, RBP=0x000000f4173ff920, RSI=0x00000000c120c2b4, RDI=0x00000255499485e0
R8 =0x0000025547840000, R9 =0x007fffffffa00000, R10=0x000000000000004a, R11=0x0000000000000003
R12=0x00007ffa3c7d5840, R13=0x0000000000000000, R14=0x00000001000e2b18, R15=0x00000000c120c290
RIP=0x00007ffa3c3546f0, EFLAGS=0x0000000000010206


Register to memory mapping:

RIP=0x00007ffa3c3546f0 jvm.dll
RAX=0x1fffffffe8000000 is an unknown value
RBX=0x0000000000000001 is an unknown value
RCX=0x0 is NULL
RDX=0x00000000c120c2b0 is pointing into object: java.lang.ArrayIndexOutOfBoundsException 
{0x00000000c120c290} - klass: 'java/lang/ArrayIndexOutOfBoundsException'
 - ---- fields (total size 5 words):
 - private transient 'depth' 'I' @12  0
 - private transient 'backtrace' 'Ljava/lang/Object;' @16  NULL (0)
 - private 'detailMessage' 'Ljava/lang/String;' @20  NULL (0)
 - private 'cause' 'Ljava/lang/Throwable;' @24  NULL (0)
 - private 'stackTrace' '[Ljava/lang/StackTraceElement;' @28  NULL (0)
 - private 'suppressedExceptions' 'Ljava/util/List;' @32  
[error occurred during error reporting (printing register info), id 0xc0000005, EXCEPTION_ACCESS_VIOLATION (0xc0000005) at pc=0x00007ffa3c0330be]

Top of Stack: (sp=0x000000f4173ff860)
0x000000f4173ff860:   00000000c1276108 00007ffa3c480001
0x000000f4173ff870:   00000255499ccfa0 00007ffa3c48ce5e
0x000000f4173ff880:   00000001000e2b10 00007ffa3c354f7e
0x000000f4173ff890:   00000000c120c2b0 0000000000000000
0x000000f4173ff8a0:   00000255499ccfa0 0000025549a3b3e8
0x000000f4173ff8b0:   00007ffa3c5c0b90 00007ffa3c656448
0x000000f4173ff8c0:   00000000000095c4 00007ffa3c3567a4
0x000000f4173ff8d0:   0000000000000010 00000255499485e0
0x000000f4173ff8e0:   000000000000000c 0000025549a3b000
0x000000f4173ff8f0:   0000025549a3b010 00000255499485e0
0x000000f4173ff900:   00007ffa3c656c38 00000255499485e0
0x000000f4173ff910:   00007ffa3c5f9af0 000000f4173ff900
0x000000f4173ff920:   00007ffa3c656448 0000025535bbd060
0x000000f4173ff930:   0000000000000003 00000255499485e0
0x000000f4173ff940:   0000000000000000 0000000000000000
0x000000f4173ff950:   0000000000000020 00000255499ea500
0x000000f4173ff960:   000000f4164fec68 000000f4164feb60
0x000000f4173ff970:   0000000000000000 0000000000000001
0x000000f4173ff980:   000000f4173ffa10 00007ffa3c35eaef
0x000000f4173ff990:   0000000000000004 000000f4173ffa10
0x000000f4173ff9a0:   00000255499485e0 0000000000000005
0x000000f4173ff9b0:   0000000000000148 000000f4164ff458
0x000000f4173ff9c0:   0000000100000002 00000255499485e0
0x000000f4173ff9d0:   00007ffa3c656c38 00000255499485e0
0x000000f4173ff9e0:   00007ffa3c656e40 0000000000000001
0x000000f4173ff9f0:   0000000000000000 0000000000000001
0x000000f4173ffa00:   0000000000000001 0000676e058f1c64
0x000000f4173ffa10:   0000000000000000 000002554f2dcae0
0x000000f4173ffa20:   0000000000000000 0000000000000000
0x000000f4173ffa30:   000000f4164feb60 000002554f2dcae0
0x000000f4173ffa40:   0000000000000000 00007ffa3c50725b
0x000000f4173ffa50:   0000000000000002 0000000000000000 

Instructions: (pc=0x00007ffa3c3546f0)
0x00007ffa3c3545f0:   12 48 00 49 3b c2 74 03 48 ff e0 c3 cc cc cc cc
0x00007ffa3c354600:   80 3d 58 7e 4d 00 00 4c 8d 15 62 52 95 ff 49 8b
0x00007ffa3c354610:   c2 4c 8d 0d 58 52 95 ff 49 0f 45 c1 48 89 05 3d
0x00007ffa3c354620:   12 48 00 49 3b c2 74 03 48 ff e0 c3 cc cc cc cc
0x00007ffa3c354630:   48 89 5c 24 08 57 48 83 ec 20 48 8b 1a 48 8b f9
0x00007ffa3c354640:   48 85 db 74 4b 4c 8b 05 24 21 4f 00 48 8b c3 8b
0x00007ffa3c354650:   0d f3 cb 46 00 49 2b 00 4d 8b 40 10 48 c1 e8 03
0x00007ffa3c354660:   48 d3 e8 4c 8b c8 24 3f 49 c1 e9 06 0f b6 c8 4b
0x00007ffa3c354670:   8b 04 c8 48 0f a3 c8 72 17 48 8b cb e8 bf 28 00
0x00007ffa3c354680:   00 84 c0 74 0b 48 8b d3 48 8b cf e8 a0 29 00 00
0x00007ffa3c354690:   48 8b 5c 24 30 48 83 c4 20 5f c3 cc cc cc cc cc
0x00007ffa3c3546a0:   40 57 48 83 ec 20 8b 02 48 8b f9 85 c0 74 67 8b
0x00007ffa3c3546b0:   0d 43 bc 46 00 4c 8b 05 b4 20 4f 00 48 89 5c 24
0x00007ffa3c3546c0:   30 8b d8 48 d3 e3 48 03 1d 23 bc 46 00 8b 0d 75
0x00007ffa3c3546d0:   cb 46 00 48 8b c3 49 2b 00 4d 8b 40 10 48 c1 e8
0x00007ffa3c3546e0:   03 48 d3 e8 4c 8b c8 24 3f 49 c1 e9 06 0f b6 c8
0x00007ffa3c3546f0:   4b 8b 04 c8 48 0f a3 c8 72 17 48 8b cb e8 3e 28
0x00007ffa3c354700:   00 00 84 c0 74 0b 48 8b d3 48 8b cf e8 1f 29 00
0x00007ffa3c354710:   00 48 8b 5c 24 30 48 83 c4 20 5f c3 cc cc cc cc
0x00007ffa3c354720:   48 89 5c 24 20 56 57 41 55 41 56 41 57 48 83 ec
0x00007ffa3c354730:   20 4c 63 91 a0 00 00 00 4d 8b f0 4c 63 89 24 01
0x00007ffa3c354740:   00 00 49 83 c2 39 8b 81 20 01 00 00 4d 03 d1 48
0x00007ffa3c354750:   89 6c 24 58 49 03 c2 4c 89 64 24 60 4c 8b fa 4c
0x00007ffa3c354760:   8b e9 4a 8d 2c d5 00 00 00 00 4c 8d 24 c5 00 00
0x00007ffa3c354770:   00 00 48 03 e9 4c 03 e1 49 3b ec 73 4b 0f 1f 00
0x00007ffa3c354780:   48 63 5d 00 8b 45 04 49 03 df 48 8d 34 c3 48 3b
0x00007ffa3c354790:   de 73 2c 48 8b 3b 48 85 ff 74 1b 4d 8b 46 10 48
0x00007ffa3c3547a0:   8d 0d da 21 4f 00 48 8b d7 e8 02 4e 00 00 48 3b
0x00007ffa3c3547b0:   c7 74 03 48 89 03 48 83 c3 08 48 3b de 72 d4 48
0x00007ffa3c3547c0:   83 c5 08 49 3b ec 72 b8 49 8b 06 49 8b ce ff 50
0x00007ffa3c3547d0:   10 4c 8b 64 24 60 48 8b 6c 24 58 85 c0 0f 84 dc
0x00007ffa3c3547e0:   00 00 00 83 e8 01 0f 84 9b 00 00 00 83 e8 01 74 


Stack slot to memory mapping:
stack at sp + 0 slots: 0x00000000c1276108 is an oop: java.lang.reflect.Method 
{0x00000000c1276108} - klass: 'java/lang/reflect/Method'
 - ---- fields (total size 11 words):
 - 'override' 'Z' @12  false
 - volatile 'accessCheckCache' 'Ljava/lang/Object;' @16  NULL (0)
 - private volatile transient 'hasRealParameterData' 'Z' @13  false
 - private volatile transient 'parameters' '[Ljava/lang/reflect/Parameter;' @20  NULL (0)
 - private volatile transient 'declaredAnnotations' 'Ljava/util/Map;' @24  NULL (0)
 - private 'slot' 'I' @28  2
 - private synchronized 'modifiers' 'I' @32  264 (108)
 - private synchronized 'clazz' 'Ljava/lang/Class;' @36  a 'java/lang/Class'{0x00000000c1275d98} = 'org/eclipse/core/internal/filesystem/local/Win32Handler$FileAPIh' (c1275d98)
 - private 'name' 'Ljava/lang/String;' @40  "FindClose"{0x00000000c1276160} (c1276160)
 - private 'returnType' 'Ljava/lang/Class;' @44  a 'java/lang/Class'{0x00000000c00030a0} = boolean (c00030a0)
 - private 'parameterTypes' '[Ljava/lang/Class;' @48  a 'java/lang/Class'[1] {0x00000000c1276198} (c1276198)
 - private 'exceptionTypes' '[Ljava/lang/Class;' @52  a 'java/lang/Class'[0] {0x00000000c05d9828} (c05d9828)
 - private transient 'signature' 'Ljava/lang/String;' @56  NULL (0)
 - private transient 'genericInfo' 'Lsun/reflect/generics/repository/MethodRepository;' @60  NULL (0)
 - private 'annotations' '[B' @64  NULL (0)
 - private 'parameterAnnotations' '[B' @68  NULL (0)
 - private 'annotationDefault' '[B' @72  NULL (0)
 - private volatile 'methodAccessor' 'Ljdk/internal/reflect/MethodAccessor;' @76  NULL (0)
 - private 'root' 'Ljava/lang/reflect/Method;' @80  NULL (0)
stack at sp + 1 slots: 0x00007ffa3c480001 jvm.dll
stack at sp + 2 slots: 0x00000255499ccfa0 points into unknown readable memory: 0x00007ffa3c692c48 | 48 2c 69 3c fa 7f 00 00
stack at sp + 3 slots: 0x00007ffa3c48ce5e jvm.dll
stack at sp + 4 slots: 0x00000001000e2b10 is pointing into metadata
stack at sp + 5 slots: 0x00007ffa3c354f7e jvm.dll
stack at sp + 6 slots: 0x00000000c120c2b0 is pointing into object: java.lang.ArrayIndexOutOfBoundsException 
{0x00000000c120c290} - klass: 'java/lang/ArrayIndexOutOfBoundsException'
 - ---- fields (total size 5 words):
 - private transient 'depth' 'I' @12  0
 - private transient 'backtrace' 'Ljava/lang/Object;' @16  NULL (0)
 - private 'detailMessage' 'Ljava/lang/String;' @20  NULL (0)
 - private 'cause' 'Ljava/lang/Throwable;' @24  NULL (0)
 - private 'stackTrace' '[Ljava/lang/StackTraceElement;' @28  NULL (0)
 - private 'suppressedExceptions' 'Ljava/util/List;' @32  
[error occurred during error reporting (inspecting top of stack), id 0xc0000005, EXCEPTION_ACCESS_VIOLATION (0xc0000005) at pc=0x00007ffa3c0330be]


---------------  P R O C E S S  ---------------

Threads class SMR info:
_java_thread_list=0x0000025551507e60, length=45, elements={
0x0000025535ba6320, 0x00000255499e5b50, 0x00000255499e7670, 0x0000025549a11160,
0x0000025549a11ef0, 0x0000025549a12c80, 0x0000025549a16670, 0x0000025549a17270,
0x000002554ebf82a0, 0x000002554ec1cf40, 0x000002554ec764b0, 0x000002554eecc400,
0x000002554f6c6ae0, 0x000002554f26f900, 0x000002554efb0600, 0x000002554efb0ae0,
0x000002554fb49220, 0x000002554fa04340, 0x000002554fa05270, 0x000002554fa05780,
0x000002554fa066b0, 0x000002554fa03e30, 0x0000025550b53cb0, 0x0000025550b4d770,
0x0000025550b541c0, 0x0000025550b4e190, 0x0000025550b53290, 0x0000025550b52d80,
0x0000025550b51e50, 0x0000025550b4fff0, 0x0000025550b546d0, 0x0000025550b50500,
0x0000025550b50f20, 0x000002554fa04850, 0x000002554f0ff3d0, 0x000002554f1044d0,
0x000002554f102b80, 0x000002554f105400, 0x000002554f104ef0, 0x000002554f101c50,
0x000002554f0ff8e0, 0x000002554f101740, 0x000002554fcd7a20, 0x000002554fcd7000,
0x000002554fcd0ac0
}

Java Threads: ( => current thread )
  0x0000025535ba6320 JavaThread "main" [_thread_blocked, id=8252, stack(0x000000f416200000,0x000000f416300000)]
  0x00000255499e5b50 JavaThread "Reference Handler" daemon [_thread_blocked, id=14888, stack(0x000000f416500000,0x000000f416600000)]
  0x00000255499e7670 JavaThread "Finalizer" daemon [_thread_blocked, id=14732, stack(0x000000f416600000,0x000000f416700000)]
  0x0000025549a11160 JavaThread "Signal Dispatcher" daemon [_thread_blocked, id=16084, stack(0x000000f416700000,0x000000f416800000)]
  0x0000025549a11ef0 JavaThread "Attach Listener" daemon [_thread_blocked, id=11772, stack(0x000000f416800000,0x000000f416900000)]
  0x0000025549a12c80 JavaThread "Service Thread" daemon [_thread_blocked, id=8456, stack(0x000000f416900000,0x000000f416a00000)]
  0x0000025549a16670 JavaThread "Monitor Deflation Thread" daemon [_thread_blocked, id=14780, stack(0x000000f416a00000,0x000000f416b00000)]
  0x0000025549a17270 JavaThread "C2 CompilerThread0" daemon [_thread_in_native, id=15592, stack(0x000000f416b00000,0x000000f416c00000)]
  0x000002554ebf82a0 JavaThread "C1 CompilerThread0" daemon [_thread_blocked, id=5080, stack(0x000000f416c00000,0x000000f416d00000)]
  0x000002554ec1cf40 JavaThread "Sweeper thread" daemon [_thread_blocked, id=12552, stack(0x000000f416d00000,0x000000f416e00000)]
  0x000002554ec764b0 JavaThread "Common-Cleaner" daemon [_thread_blocked, id=14912, stack(0x000000f416e00000,0x000000f416f00000)]
  0x000002554eecc400 JavaThread "Notification Thread" daemon [_thread_blocked, id=11952, stack(0x000000f416f00000,0x000000f417000000)]
  0x000002554f6c6ae0 JavaThread "Active Thread: Equinox Container: f71e401f-65d8-4f94-9f07-bf7f5e4612cf" [_thread_blocked, id=2716, stack(0x000000f417500000,0x000000f417600000)]
  0x000002554f26f900 JavaThread "Refresh Thread: Equinox Container: f71e401f-65d8-4f94-9f07-bf7f5e4612cf" daemon [_thread_blocked, id=16288, stack(0x000000f417400000,0x000000f417500000)]
  0x000002554efb0600 JavaThread "Framework Event Dispatcher: Equinox Container: f71e401f-65d8-4f94-9f07-bf7f5e4612cf" daemon [_thread_blocked, id=14264, stack(0x000000f417600000,0x000000f417700000)]
  0x000002554efb0ae0 JavaThread "Start Level: Equinox Container: f71e401f-65d8-4f94-9f07-bf7f5e4612cf" daemon [_thread_blocked, id=12544, stack(0x000000f417700000,0x000000f417800000)]
  0x000002554fb49220 JavaThread "Bundle File Closer" daemon [_thread_blocked, id=6744, stack(0x000000f417900000,0x000000f417a00000)]
  0x000002554fa04340 JavaThread "SCR Component Actor" daemon [_thread_blocked, id=12356, stack(0x000000f417800000,0x000000f417900000)]
  0x000002554fa05270 JavaThread "Worker-JM" [_thread_blocked, id=14728, stack(0x000000f417b00000,0x000000f417c00000)]
  0x000002554fa05780 JavaThread "Java indexing" daemon [_thread_blocked, id=13336, stack(0x000000f418100000,0x000000f418200000)]
  0x000002554fa066b0 JavaThread "JNA Cleaner" daemon [_thread_blocked, id=11836, stack(0x000000f417a00000,0x000000f417b00000)]
  0x000002554fa03e30 JavaThread "Thread-2" daemon [_thread_in_native, id=9036, stack(0x000000f418200000,0x000000f418300000)]
  0x0000025550b53cb0 JavaThread "Thread-3" daemon [_thread_blocked, id=15512, stack(0x000000f418300000,0x000000f418400000)]
  0x0000025550b4d770 JavaThread "Thread-4" daemon [_thread_in_native, id=16000, stack(0x000000f418400000,0x000000f418500000)]
  0x0000025550b541c0 JavaThread "Thread-5" daemon [_thread_in_native, id=11504, stack(0x000000f418500000,0x000000f418600000)]
  0x0000025550b4e190 JavaThread "Thread-6" daemon [_thread_in_native, id=13096, stack(0x000000f418600000,0x000000f418700000)]
  0x0000025550b53290 JavaThread "pool-2-thread-1" [_thread_blocked, id=10784, stack(0x000000f418700000,0x000000f418800000)]
  0x0000025550b52d80 JavaThread "WorkspaceEventsHandler" [_thread_blocked, id=4464, stack(0x000000f418800000,0x000000f418900000)]
  0x0000025550b51e50 JavaThread "pool-1-thread-1" [_thread_blocked, id=11312, stack(0x000000f418900000,0x000000f418a00000)]
  0x0000025550b4fff0 JavaThread "Cleaner-0" daemon [_thread_blocked, id=796, stack(0x000000f419500000,0x000000f419600000)]
  0x0000025550b546d0 JavaThread "Java Debug Server" daemon [_thread_in_native, id=13828, stack(0x000000f419400000,0x000000f419500000)]
  0x0000025550b50500 JavaThread "RxSchedulerPurge-1" daemon [_thread_blocked, id=8608, stack(0x000000f419700000,0x000000f419800000)]
  0x0000025550b50f20 JavaThread "RxCachedWorkerPoolEvictor-1" daemon [_thread_blocked, id=12068, stack(0x000000f419800000,0x000000f419900000)]
  0x000002554fa04850 JavaThread "ForkJoinPool.commonPool-worker-8" daemon [_thread_blocked, id=3860, stack(0x000000f418c00000,0x000000f418d00000)]
  0x000002554f0ff3d0 JavaThread "ForkJoinPool.commonPool-worker-11" daemon [_thread_blocked, id=12964, stack(0x000000f416100000,0x000000f416200000)]
  0x000002554f1044d0 JavaThread "ForkJoinPool.commonPool-worker-13" daemon [_thread_blocked, id=8040, stack(0x000000f416000000,0x000000f416100000)]
  0x000002554f102b80 JavaThread "ForkJoinPool.commonPool-worker-15" daemon [_thread_blocked, id=1916, stack(0x000000f418d00000,0x000000f418e00000)]
  0x000002554f105400 JavaThread "ForkJoinPool.commonPool-worker-16" daemon [_thread_blocked, id=1224, stack(0x000000f418f00000,0x000000f419000000)]
  0x000002554f104ef0 JavaThread "Worker-15" [_thread_blocked, id=10764, stack(0x000000f419000000,0x000000f419100000)]
  0x000002554f101c50 JavaThread "ForkJoinPool.commonPool-worker-17" daemon [_thread_blocked, id=4348, stack(0x000000f418000000,0x000000f418100000)]
  0x000002554f0ff8e0 JavaThread "Worker-18" [_thread_blocked, id=11900, stack(0x000000f417c00000,0x000000f417d00000)]
  0x000002554f101740 JavaThread "ForkJoinPool.commonPool-worker-18" daemon [_thread_blocked, id=5764, stack(0x000000f417f00000,0x000000f418000000)]
  0x000002554fcd7a20 JavaThread "Worker-20" [_thread_blocked, id=2660, stack(0x000000f417e00000,0x000000f417f00000)]
  0x000002554fcd7000 JavaThread "pool-1-thread-25" [_thread_blocked, id=16332, stack(0x000000f418a00000,0x000000f418b00000)]
  0x000002554fcd0ac0 JavaThread "ForkJoinPool.commonPool-worker-19" daemon [_thread_blocked, id=14788, stack(0x000000f418b00000,0x000000f418c00000)]

Other Threads:
  0x00000255499ccfa0 VMThread "VM Thread" [stack: 0x000000f416400000,0x000000f416500000] [id=13872]
  0x000002554eecc8e0 WatcherThread [stack: 0x000000f417000000,0x000000f417100000] [id=7296]
  0x0000025535bba760 GCTaskThread "GC Thread#0" [stack: 0x000000f416300000,0x000000f416400000] [id=12436]
  0x000002554f2dc350 GCTaskThread "GC Thread#1" [stack: 0x000000f417100000,0x000000f417200000] [id=13376]
  0x000002554f2dc820 GCTaskThread "GC Thread#2" [stack: 0x000000f417200000,0x000000f417300000] [id=13780]
=>0x000002554f2dcae0 GCTaskThread "GC Thread#3" [stack: 0x000000f417300000,0x000000f417400000] [id=6676]

Threads with active compile tasks:
C2 CompilerThread0  4813138 25796       4       org.eclipse.jdt.internal.compiler.lookup.Scope$Substitutor::substitute (850 bytes)

VM state: at safepoint (normal execution)

VM Mutex/Monitor currently owned by a thread:  ([mutex/lock_event])
[0x0000025535ba2a70] Threads_lock - owner thread: 0x00000255499ccfa0
[0x0000025535ba32e0] Heap_lock - owner thread: 0x000002554f1044d0

Heap address: 0x00000000c0000000, size: 1024 MB, Compressed Oops mode: 32-bit

CDS archive(s) not mapped
Compressed class space mapped at: 0x0000000100000000-0x0000000140000000, reserved size: 1073741824
Narrow klass base: 0x0000000000000000, Narrow klass shift: 3, Narrow klass range: 0x140000000

GC Precious Log:
 CPUs: 4 total, 4 available
 Memory: 3978M
 Large Page Support: Disabled
 NUMA Support: Disabled
 Compressed Oops: Enabled (32-bit)
 Alignments: Space 512K, Generation 512K, Heap 2M
 Heap Min Capacity: 100M
 Heap Initial Capacity: 100M
 Heap Max Capacity: 1G
 Pre-touch: Disabled
 Parallel Workers: 4

Heap:
 PSYoungGen      total 3072K, used 3056K [0x00000000eab00000, 0x00000000eb100000, 0x0000000100000000)
  eden space 2560K, 100% used [0x00000000eab00000,0x00000000ead80000,0x00000000ead80000)
  from space 512K, 96% used [0x00000000eb080000,0x00000000eb0fc030,0x00000000eb100000)
  to   space 1536K, 0% used [0x00000000eae00000,0x00000000eae00000,0x00000000eaf80000)
 ParOldGen       total 115200K, used 114839K [0x00000000c0000000, 0x00000000c7080000, 0x00000000eab00000)
  object space 115200K, 99% used [0x00000000c0000000,0x00000000c7025f90,0x00000000c7080000)
 Metaspace       used 96710K, committed 97984K, reserved 1179648K
  class space    used 9638K, committed 10176K, reserved 1048576K

Card table byte_map: [0x0000025535540000,0x0000025535750000] _byte_map_base: 0x0000025534f40000

Marking Bits: (ParMarkBitMap*) 0x00007ffa3c846940
 Begin Bits: [0x0000025547840000, 0x0000025548840000)
 End Bits:   [0x0000025548840000, 0x0000025549840000)

Polling page: 0x0000025533a80000

Metaspace:

Usage:
  Non-class:     85.03 MB used.
      Class:      9.41 MB used.
       Both:     94.44 MB used.

Virtual space:
  Non-class space:      128.00 MB reserved,      85.75 MB ( 67%) committed,  2 nodes.
      Class space:        1.00 GB reserved,       9.94 MB ( <1%) committed,  1 nodes.
             Both:        1.13 GB reserved,      95.69 MB (  8%) committed. 

Chunk freelists:
   Non-Class:  10.30 MB
       Class:  5.97 MB
        Both:  16.27 MB

MaxMetaspaceSize: unlimited
CompressedClassSpaceSize: 1.00 GB
Initial GC threshold: 21.00 MB
Current GC threshold: 159.31 MB
CDS: off
MetaspaceReclaimPolicy: balanced
 - commit_granule_bytes: 65536.
 - commit_granule_words: 8192.
 - virtual_space_node_default_size: 8388608.
 - enlarge_chunks_in_place: 1.
 - new_chunks_are_fully_committed: 0.
 - uncommit_free_chunks: 1.
 - use_allocation_guard: 0.
 - handle_deallocations: 1.


Internal statistics:

num_allocs_failed_limit: 9.
num_arena_births: 1158.
num_arena_deaths: 374.
num_vsnodes_births: 3.
num_vsnodes_deaths: 0.
num_space_committed: 1531.
num_space_uncommitted: 0.
num_chunks_returned_to_freelist: 425.
num_chunks_taken_from_freelist: 5539.
num_chunk_merges: 147.
num_chunk_splits: 3199.
num_chunks_enlarged: 1710.
num_inconsistent_stats: 0.

CodeHeap 'non-profiled nmethods': size=120000Kb used=23659Kb max_used=23659Kb free=96340Kb
 bounds [0x0000025540310000, 0x0000025541a40000, 0x0000025547840000]
CodeHeap 'profiled nmethods': size=120000Kb used=38397Kb max_used=39054Kb free=81602Kb
 bounds [0x0000025538840000, 0x000002553aeb0000, 0x000002553fd70000]
CodeHeap 'non-nmethods': size=5760Kb used=1470Kb max_used=1541Kb free=4289Kb
 bounds [0x000002553fd70000, 0x000002553ffe0000, 0x0000025540310000]
 total_blobs=19101 nmethods=18276 adapters=735
 compilation: enabled
              stopped_count=0, restarted_count=0
 full_count=0

Compilation events (20 events):
Event: 4811.024 Thread 0x000002554ebf82a0 25791       3       org.eclipse.core.internal.resources.Resource::checkAccessible (7 bytes)
Event: 4811.024 Thread 0x000002554ebf82a0 nmethod 25791 0x0000025539e48f90 code [0x0000025539e49120, 0x0000025539e492e8]
Event: 4811.071 Thread 0x0000025549a17270 nmethod 25790 0x0000025540d70590 code [0x0000025540d70960, 0x0000025540d742a8]
Event: 4811.287 Thread 0x000002554ebf82a0 25792       3       org.eclipse.jdt.internal.codeassist.complete.CompletionParser::consumeToken (4143 bytes)
Event: 4811.325 Thread 0x000002554ebf82a0 nmethod 25792 0x000002553ae8e590 code [0x000002553ae8fe20, 0x000002553aea5948]
Event: 4811.343 Thread 0x0000025549a17270 25793       4       java.util.TimeZone::getDefaultRef (32 bytes)
Event: 4811.344 Thread 0x0000025549a17270 nmethod 25793 0x00000255415bf010 code [0x00000255415bf180, 0x00000255415bf1f8]
Event: 4811.371 Thread 0x000002554ebf82a0 25794       3       org.eclipse.jdt.ls.core.internal.contentassist.CompletionProposalDescriptionProvider::createSimpleLabelWithType (92 bytes)
Event: 4811.374 Thread 0x000002554ebf82a0 nmethod 25794 0x0000025539a53210 code [0x0000025539a53540, 0x0000025539a546c8]
Event: 4811.375 Thread 0x000002554ebf82a0 25795       3       org.eclipse.jdt.internal.corext.template.java.AbstractJavaContextTypeCore::createContext (24 bytes)
Event: 4811.375 Thread 0x000002554ebf82a0 nmethod 25795 0x000002553a1b4590 code [0x000002553a1b4740, 0x000002553a1b49d8]
Event: 4812.005 Thread 0x0000025549a17270 25796       4       org.eclipse.jdt.internal.compiler.lookup.Scope$Substitutor::substitute (850 bytes)
Event: 4812.276 Thread 0x000002554ebf82a0 25797       3       org.eclipse.jdt.ls.core.internal.handlers.FoldingRangeHandler::computeMethodRanges (787 bytes)
Event: 4812.295 Thread 0x000002554ebf82a0 nmethod 25797 0x000002553adf9090 code [0x000002553adf9ae0, 0x000002553ae01b68]
Event: 4812.366 Thread 0x000002554ebf82a0 25798       3       org.eclipse.jdt.internal.core.dom.rewrite.ASTRewriteAnalyzer::visit (34 bytes)
Event: 4812.367 Thread 0x000002554ebf82a0 nmethod 25798 0x000002553a10e290 code [0x000002553a10e480, 0x000002553a10e758]
Event: 4812.370 Thread 0x000002554ebf82a0 25799       3       org.eclipse.jdt.internal.core.dom.rewrite.LineCommentEndOffsets::isEndOfLineComment (36 bytes)
Event: 4812.371 Thread 0x000002554ebf82a0 nmethod 25799 0x0000025539c30b10 code [0x0000025539c30ce0, 0x0000025539c310d8]
Event: 4812.463 Thread 0x000002554ebf82a0 25800       1       org.eclipse.jdt.internal.compiler.ASTVisitor::visit (2 bytes)
Event: 4812.464 Thread 0x000002554ebf82a0 nmethod 25800 0x00000255418ce410 code [0x00000255418ce5a0, 0x00000255418ce678]

GC Heap History (20 events):
Event: 4811.512 GC heap after
{Heap after GC invocations=8469 (full 118):
 PSYoungGen      total 4608K, used 384K [0x00000000eab00000, 0x00000000eb180000, 0x0000000100000000)
  eden space 2560K, 0% used [0x00000000eab00000,0x00000000eab00000,0x00000000ead80000)
  from space 2048K, 18% used [0x00000000eae00000,0x00000000eae60020,0x00000000eb000000)
  to   space 1024K, 0% used [0x00000000eb080000,0x00000000eb080000,0x00000000eb180000)
 ParOldGen       total 115200K, used 113426K [0x00000000c0000000, 0x00000000c7080000, 0x00000000eab00000)
  object space 115200K, 98% used [0x00000000c0000000,0x00000000c6ec4ad8,0x00000000c7080000)
 Metaspace       used 96707K, committed 97984K, reserved 1179648K
  class space    used 9638K, committed 10176K, reserved 1048576K
}
Event: 4811.738 GC heap before
{Heap before GC invocations=8470 (full 118):
 PSYoungGen      total 4608K, used 2944K [0x00000000eab00000, 0x00000000eb180000, 0x0000000100000000)
  eden space 2560K, 100% used [0x00000000eab00000,0x00000000ead80000,0x00000000ead80000)
  from space 2048K, 18% used [0x00000000eae00000,0x00000000eae60020,0x00000000eb000000)
  to   space 1024K, 0% used [0x00000000eb080000,0x00000000eb080000,0x00000000eb180000)
 ParOldGen       total 115200K, used 113426K [0x00000000c0000000, 0x00000000c7080000, 0x00000000eab00000)
  object space 115200K, 98% used [0x00000000c0000000,0x00000000c6ec4ad8,0x00000000c7080000)
 Metaspace       used 96707K, committed 97984K, reserved 1179648K
  class space    used 9638K, committed 10176K, reserved 1048576K
}
Event: 4811.740 GC heap after
{Heap after GC invocations=8470 (full 118):
 PSYoungGen      total 3072K, used 192K [0x00000000eab00000, 0x00000000eb100000, 0x0000000100000000)
  eden space 2560K, 0% used [0x00000000eab00000,0x00000000eab00000,0x00000000ead80000)
  from space 512K, 37% used [0x00000000eb080000,0x00000000eb0b0020,0x00000000eb100000)
  to   space 512K, 0% used [0x00000000eb000000,0x00000000eb000000,0x00000000eb080000)
 ParOldGen       total 115200K, used 113442K [0x00000000c0000000, 0x00000000c7080000, 0x00000000eab00000)
  object space 115200K, 98% used [0x00000000c0000000,0x00000000c6ec8ad8,0x00000000c7080000)
 Metaspace       used 96707K, committed 97984K, reserved 1179648K
  class space    used 9638K, committed 10176K, reserved 1048576K
}
Event: 4811.897 GC heap before
{Heap before GC invocations=8471 (full 118):
 PSYoungGen      total 3072K, used 2752K [0x00000000eab00000, 0x00000000eb100000, 0x0000000100000000)
  eden space 2560K, 100% used [0x00000000eab00000,0x00000000ead80000,0x00000000ead80000)
  from space 512K, 37% used [0x00000000eb080000,0x00000000eb0b0020,0x00000000eb100000)
  to   space 512K, 0% used [0x00000000eb000000,0x00000000eb000000,0x00000000eb080000)
 ParOldGen       total 115200K, used 113442K [0x00000000c0000000, 0x00000000c7080000, 0x00000000eab00000)
  object space 115200K, 98% used [0x00000000c0000000,0x00000000c6ec8ad8,0x00000000c7080000)
 Metaspace       used 96707K, committed 97984K, reserved 1179648K
  class space    used 9638K, committed 10176K, reserved 1048576K
}
Event: 4811.898 GC heap after
{Heap after GC invocations=8471 (full 118):
 PSYoungGen      total 3072K, used 224K [0x00000000eab00000, 0x00000000eb100000, 0x0000000100000000)
  eden space 2560K, 0% used [0x00000000eab00000,0x00000000eab00000,0x00000000ead80000)
  from space 512K, 43% used [0x00000000eb000000,0x00000000eb038020,0x00000000eb080000)
  to   space 512K, 0% used [0x00000000eb080000,0x00000000eb080000,0x00000000eb100000)
 ParOldGen       total 115200K, used 113466K [0x00000000c0000000, 0x00000000c7080000, 0x00000000eab00000)
  object space 115200K, 98% used [0x00000000c0000000,0x00000000c6ecead8,0x00000000c7080000)
 Metaspace       used 96707K, committed 97984K, reserved 1179648K
  class space    used 9638K, committed 10176K, reserved 1048576K
}
Event: 4811.994 GC heap before
{Heap before GC invocations=8472 (full 118):
 PSYoungGen      total 3072K, used 2784K [0x00000000eab00000, 0x00000000eb100000, 0x0000000100000000)
  eden space 2560K, 100% used [0x00000000eab00000,0x00000000ead80000,0x00000000ead80000)
  from space 512K, 43% used [0x00000000eb000000,0x00000000eb038020,0x00000000eb080000)
  to   space 512K, 0% used [0x00000000eb080000,0x00000000eb080000,0x00000000eb100000)
 ParOldGen       total 115200K, used 113466K [0x00000000c0000000, 0x00000000c7080000, 0x00000000eab00000)
  object space 115200K, 98% used [0x00000000c0000000,0x00000000c6ecead8,0x00000000c7080000)
 Metaspace       used 96707K, committed 97984K, reserved 1179648K
  class space    used 9638K, committed 10176K, reserved 1048576K
}
Event: 4811.996 GC heap after
{Heap after GC invocations=8472 (full 118):
 PSYoungGen      total 3072K, used 320K [0x00000000eab00000, 0x00000000eb100000, 0x0000000100000000)
  eden space 2560K, 0% used [0x00000000eab00000,0x00000000eab00000,0x00000000ead80000)
  from space 512K, 62% used [0x00000000eb080000,0x00000000eb0d0020,0x00000000eb100000)
  to   space 512K, 0% used [0x00000000eb000000,0x00000000eb000000,0x00000000eb080000)
 ParOldGen       total 115200K, used 113474K [0x00000000c0000000, 0x00000000c7080000, 0x00000000eab00000)
  object space 115200K, 98% used [0x00000000c0000000,0x00000000c6ed0ad8,0x00000000c7080000)
 Metaspace       used 96707K, committed 97984K, reserved 1179648K
  class space    used 9638K, committed 10176K, reserved 1048576K
}
Event: 4812.168 GC heap before
{Heap before GC invocations=8473 (full 118):
 PSYoungGen      total 3072K, used 2880K [0x00000000eab00000, 0x00000000eb100000, 0x0000000100000000)
  eden space 2560K, 100% used [0x00000000eab00000,0x00000000ead80000,0x00000000ead80000)
  from space 512K, 62% used [0x00000000eb080000,0x00000000eb0d0020,0x00000000eb100000)
  to   space 512K, 0% used [0x00000000eb000000,0x00000000eb000000,0x00000000eb080000)
 ParOldGen       total 115200K, used 113474K [0x00000000c0000000, 0x00000000c7080000, 0x00000000eab00000)
  object space 115200K, 98% used [0x00000000c0000000,0x00000000c6ed0ad8,0x00000000c7080000)
 Metaspace       used 96707K, committed 97984K, reserved 1179648K
  class space    used 9638K, committed 10176K, reserved 1048576K
}
Event: 4812.170 GC heap after
{Heap after GC invocations=8473 (full 118):
 PSYoungGen      total 3072K, used 224K [0x00000000eab00000, 0x00000000eb100000, 0x0000000100000000)
  eden space 2560K, 0% used [0x00000000eab00000,0x00000000eab00000,0x00000000ead80000)
  from space 512K, 43% used [0x00000000eb000000,0x00000000eb038020,0x00000000eb080000)
  to   space 512K, 0% used [0x00000000eb080000,0x00000000eb080000,0x00000000eb100000)
 ParOldGen       total 115200K, used 113474K [0x00000000c0000000, 0x00000000c7080000, 0x00000000eab00000)
  object space 115200K, 98% used [0x00000000c0000000,0x00000000c6ed0ad8,0x00000000c7080000)
 Metaspace       used 96707K, committed 97984K, reserved 1179648K
  class space    used 9638K, committed 10176K, reserved 1048576K
}
Event: 4812.346 GC heap before
{Heap before GC invocations=8474 (full 118):
 PSYoungGen      total 3072K, used 2771K [0x00000000eab00000, 0x00000000eb100000, 0x0000000100000000)
  eden space 2560K, 99% used [0x00000000eab00000,0x00000000ead7cc08,0x00000000ead80000)
  from space 512K, 43% used [0x00000000eb000000,0x00000000eb038020,0x00000000eb080000)
  to   space 512K, 0% used [0x00000000eb080000,0x00000000eb080000,0x00000000eb100000)
 ParOldGen       total 115200K, used 113474K [0x00000000c0000000, 0x00000000c7080000, 0x00000000eab00000)
  object space 115200K, 98% used [0x00000000c0000000,0x00000000c6ed0ad8,0x00000000c7080000)
 Metaspace       used 96707K, committed 97984K, reserved 1179648K
  class space    used 9638K, committed 10176K, reserved 1048576K
}
Event: 4812.349 GC heap after
{Heap after GC invocations=8474 (full 118):
 PSYoungGen      total 3072K, used 496K [0x00000000eab00000, 0x00000000eb100000, 0x0000000100000000)
  eden space 2560K, 0% used [0x00000000eab00000,0x00000000eab00000,0x00000000ead80000)
  from space 512K, 96% used [0x00000000eb080000,0x00000000eb0fc010,0x00000000eb100000)
  to   space 1024K, 0% used [0x00000000eaf00000,0x00000000eaf00000,0x00000000eb000000)
 ParOldGen       total 115200K, used 113599K [0x00000000c0000000, 0x00000000c7080000, 0x00000000eab00000)
  object space 115200K, 98% used [0x00000000c0000000,0x00000000c6eeff78,0x00000000c7080000)
 Metaspace       used 96707K, committed 97984K, reserved 1179648K
  class space    used 9638K, committed 10176K, reserved 1048576K
}
Event: 4812.424 GC heap before
{Heap before GC invocations=8475 (full 118):
 PSYoungGen      total 3072K, used 3056K [0x00000000eab00000, 0x00000000eb100000, 0x0000000100000000)
  eden space 2560K, 100% used [0x00000000eab00000,0x00000000ead80000,0x00000000ead80000)
  from space 512K, 96% used [0x00000000eb080000,0x00000000eb0fc010,0x00000000eb100000)
  to   space 1024K, 0% used [0x00000000eaf00000,0x00000000eaf00000,0x00000000eb000000)
 ParOldGen       total 115200K, used 113599K [0x00000000c0000000, 0x00000000c7080000, 0x00000000eab00000)
  object space 115200K, 98% used [0x00000000c0000000,0x00000000c6eeff78,0x00000000c7080000)
 Metaspace       used 96710K, committed 97984K, reserved 1179648K
  class space    used 9638K, committed 10176K, reserved 1048576K
}
Event: 4812.428 GC heap after
{Heap after GC invocations=8475 (full 118):
 PSYoungGen      total 3584K, used 448K [0x00000000eab00000, 0x00000000eb100000, 0x0000000100000000)
  eden space 2560K, 0% used [0x00000000eab00000,0x00000000eab00000,0x00000000ead80000)
  from space 1024K, 43% used [0x00000000eaf00000,0x00000000eaf70040,0x00000000eb000000)
  to   space 512K, 0% used [0x00000000eb080000,0x00000000eb080000,0x00000000eb100000)
 ParOldGen       total 115200K, used 114115K [0x00000000c0000000, 0x00000000c7080000, 0x00000000eab00000)
  object space 115200K, 99% used [0x00000000c0000000,0x00000000c6f70fa8,0x00000000c7080000)
 Metaspace       used 96710K, committed 97984K, reserved 1179648K
  class space    used 9638K, committed 10176K, reserved 1048576K
}
Event: 4812.445 GC heap before
{Heap before GC invocations=8476 (full 118):
 PSYoungGen      total 3584K, used 3008K [0x00000000eab00000, 0x00000000eb100000, 0x0000000100000000)
  eden space 2560K, 100% used [0x00000000eab00000,0x00000000ead80000,0x00000000ead80000)
  from space 1024K, 43% used [0x00000000eaf00000,0x00000000eaf70040,0x00000000eb000000)
  to   space 512K, 0% used [0x00000000eb080000,0x00000000eb080000,0x00000000eb100000)
 ParOldGen       total 115200K, used 114115K [0x00000000c0000000, 0x00000000c7080000, 0x00000000eab00000)
  object space 115200K, 99% used [0x00000000c0000000,0x00000000c6f70fa8,0x00000000c7080000)
 Metaspace       used 96710K, committed 97984K, reserved 1179648K
  class space    used 9638K, committed 10176K, reserved 1048576K
}
Event: 4812.447 GC heap after
{Heap after GC invocations=8476 (full 118):
 PSYoungGen      total 3072K, used 304K [0x00000000eab00000, 0x00000000eb100000, 0x0000000100000000)
  eden space 2560K, 0% used [0x00000000eab00000,0x00000000eab00000,0x00000000ead80000)
  from space 512K, 59% used [0x00000000eb080000,0x00000000eb0cc010,0x00000000eb100000)
  to   space 512K, 0% used [0x00000000eb000000,0x00000000eb000000,0x00000000eb080000)
 ParOldGen       total 115200K, used 114331K [0x00000000c0000000, 0x00000000c7080000, 0x00000000eab00000)
  object space 115200K, 99% used [0x00000000c0000000,0x00000000c6fa6ff8,0x00000000c7080000)
 Metaspace       used 96710K, committed 97984K, reserved 1179648K
  class space    used 9638K, committed 10176K, reserved 1048576K
}
Event: 4812.464 GC heap before
{Heap before GC invocations=8477 (full 118):
 PSYoungGen      total 3072K, used 2864K [0x00000000eab00000, 0x00000000eb100000, 0x0000000100000000)
  eden space 2560K, 100% used [0x00000000eab00000,0x00000000ead80000,0x00000000ead80000)
  from space 512K, 59% used [0x00000000eb080000,0x00000000eb0cc010,0x00000000eb100000)
  to   space 512K, 0% used [0x00000000eb000000,0x00000000eb000000,0x00000000eb080000)
 ParOldGen       total 115200K, used 114331K [0x00000000c0000000, 0x00000000c7080000, 0x00000000eab00000)
  object space 115200K, 99% used [0x00000000c0000000,0x00000000c6fa6ff8,0x00000000c7080000)
 Metaspace       used 96710K, committed 97984K, reserved 1179648K
  class space    used 9638K, committed 10176K, reserved 1048576K
}
Event: 4812.466 GC heap after
{Heap after GC invocations=8477 (full 118):
 PSYoungGen      total 3072K, used 496K [0x00000000eab00000, 0x00000000eb100000, 0x0000000100000000)
  eden space 2560K, 0% used [0x00000000eab00000,0x00000000eab00000,0x00000000ead80000)
  from space 512K, 96% used [0x00000000eb000000,0x00000000eb07c010,0x00000000eb080000)
  to   space 512K, 0% used [0x00000000eb080000,0x00000000eb080000,0x00000000eb100000)
 ParOldGen       total 115200K, used 114384K [0x00000000c0000000, 0x00000000c7080000, 0x00000000eab00000)
  object space 115200K, 99% used [0x00000000c0000000,0x00000000c6fb4008,0x00000000c7080000)
 Metaspace       used 96710K, committed 97984K, reserved 1179648K
  class space    used 9638K, committed 10176K, reserved 1048576K
}
Event: 4812.672 GC heap before
{Heap before GC invocations=8478 (full 118):
 PSYoungGen      total 3072K, used 3056K [0x00000000eab00000, 0x00000000eb100000, 0x0000000100000000)
  eden space 2560K, 100% used [0x00000000eab00000,0x00000000ead80000,0x00000000ead80000)
  from space 512K, 96% used [0x00000000eb000000,0x00000000eb07c010,0x00000000eb080000)
  to   space 512K, 0% used [0x00000000eb080000,0x00000000eb080000,0x00000000eb100000)
 ParOldGen       total 115200K, used 114384K [0x00000000c0000000, 0x00000000c7080000, 0x00000000eab00000)
  object space 115200K, 99% used [0x00000000c0000000,0x00000000c6fb4008,0x00000000c7080000)
 Metaspace       used 96710K, committed 97984K, reserved 1179648K
  class space    used 9638K, committed 10176K, reserved 1048576K
}
Event: 4812.676 GC heap after
{Heap after GC invocations=8478 (full 118):
 PSYoungGen      total 3072K, used 496K [0x00000000eab00000, 0x00000000eb100000, 0x0000000100000000)
  eden space 2560K, 0% used [0x00000000eab00000,0x00000000eab00000,0x00000000ead80000)
  from space 512K, 96% used [0x00000000eb080000,0x00000000eb0fc030,0x00000000eb100000)
  to   space 1536K, 0% used [0x00000000eae00000,0x00000000eae00000,0x00000000eaf80000)
 ParOldGen       total 115200K, used 114839K [0x00000000c0000000, 0x00000000c7080000, 0x00000000eab00000)
  object space 115200K, 99% used [0x00000000c0000000,0x00000000c7025f90,0x00000000c7080000)
 Metaspace       used 96710K, committed 97984K, reserved 1179648K
  class space    used 9638K, committed 10176K, reserved 1048576K
}
Event: 4812.806 GC heap before
{Heap before GC invocations=8479 (full 119):
 PSYoungGen      total 3072K, used 3056K [0x00000000eab00000, 0x00000000eb100000, 0x0000000100000000)
  eden space 2560K, 100% used [0x00000000eab00000,0x00000000ead80000,0x00000000ead80000)
  from space 512K, 96% used [0x00000000eb080000,0x00000000eb0fc030,0x00000000eb100000)
  to   space 1536K, 0% used [0x00000000eae00000,0x00000000eae00000,0x00000000eaf80000)
 ParOldGen       total 115200K, used 114839K [0x00000000c0000000, 0x00000000c7080000, 0x00000000eab00000)
  object space 115200K, 99% used [0x00000000c0000000,0x00000000c7025f90,0x00000000c7080000)
 Metaspace       used 96710K, committed 97984K, reserved 1179648K
  class space    used 9638K, committed 10176K, reserved 1048576K
}

Dll operation events (14 events):
Event: 0.029 Loaded shared library c:\Users\Dayanna\.vscode\extensions\redhat.java-1.37.0-win32-x64\jre\17.0.13-win32-x86_64\bin\java.dll
Event: 0.495 Loaded shared library c:\Users\Dayanna\.vscode\extensions\redhat.java-1.37.0-win32-x64\jre\17.0.13-win32-x86_64\bin\zip.dll
Event: 0.509 Loaded shared library C:\Users\Dayanna\.vscode\extensions\redhat.java-1.37.0-win32-x64\jre\17.0.13-win32-x86_64\bin\instrument.dll
Event: 0.547 Loaded shared library C:\Users\Dayanna\.vscode\extensions\redhat.java-1.37.0-win32-x64\jre\17.0.13-win32-x86_64\bin\net.dll
Event: 0.555 Loaded shared library C:\Users\Dayanna\.vscode\extensions\redhat.java-1.37.0-win32-x64\jre\17.0.13-win32-x86_64\bin\nio.dll
Event: 0.578 Loaded shared library C:\Users\Dayanna\.vscode\extensions\redhat.java-1.37.0-win32-x64\jre\17.0.13-win32-x86_64\bin\zip.dll
Event: 0.646 Loaded shared library C:\Users\Dayanna\.vscode\extensions\redhat.java-1.37.0-win32-x64\jre\17.0.13-win32-x86_64\bin\jimage.dll
Event: 0.897 Loaded shared library c:\Users\Dayanna\.vscode\extensions\redhat.java-1.37.0-win32-x64\jre\17.0.13-win32-x86_64\bin\verify.dll
Event: 8.981 Loaded shared library C:\Users\Dayanna\AppData\Roaming\Code\User\globalStorage\redhat.java\1.37.0\config_win\org.eclipse.equinox.launcher\org.eclipse.equinox.launcher.win32.win32.x86_64_1.2.1100.v20240722-2106\eclipse_11904.dll
Event: 14.384 Loaded shared library C:\Users\Dayanna\.vscode\extensions\redhat.java-1.37.0-win32-x64\jre\17.0.13-win32-x86_64\bin\management.dll
Event: 14.392 Loaded shared library C:\Users\Dayanna\.vscode\extensions\redhat.java-1.37.0-win32-x64\jre\17.0.13-win32-x86_64\bin\management_ext.dll
Event: 24.334 Loaded shared library C:\Users\Dayanna\AppData\Local\Temp\jna--1182486500\jna2027755936755284292.dll
Event: 37.739 Loaded shared library C:\Users\Dayanna\.vscode\extensions\redhat.java-1.37.0-win32-x64\jre\17.0.13-win32-x86_64\bin\sunmscapi.dll
Event: 38.242 Loaded shared library C:\Users\Dayanna\.vscode\extensions\redhat.java-1.37.0-win32-x64\jre\17.0.13-win32-x86_64\bin\extnet.dll

Deoptimization events (20 events):
Event: 4792.057 Thread 0x000002554f105400 Uncommon trap: trap_request=0xffffffc6 fr.pc=0x000002554199a024 relative=0x0000000000000ee4
Event: 4792.057 Thread 0x000002554f105400 Uncommon trap: reason=bimorphic_or_optimized_type_check action=maybe_recompile pc=0x000002554199a024 method=org.eclipse.jdt.internal.compiler.parser.Parser.consumeRule(I)V @ 6074 c2
Event: 4792.057 Thread 0x000002554f105400 DEOPT PACKING pc=0x000002554199a024 sp=0x000000f418ffe0a0
Event: 4792.057 Thread 0x000002554f105400 DEOPT UNPACKING pc=0x000002553fdc669e sp=0x000000f418ffe030 mode 2
Event: 4793.144 Thread 0x000002554fa04850 Uncommon trap: trap_request=0xffffff6e fr.pc=0x00000255411a10e0 relative=0x0000000000000f60
Event: 4793.144 Thread 0x000002554fa04850 Uncommon trap: reason=loop_limit_check action=maybe_recompile pc=0x00000255411a10e0 method=org.eclipse.jdt.internal.compiler.lookup.SourceTypeBinding.getExactMethod([C[Lorg/eclipse/jdt/internal/compiler/lookup/TypeBinding;Lorg/eclipse/jdt/internal/compile
Event: 4793.144 Thread 0x000002554fa04850 DEOPT PACKING pc=0x00000255411a10e0 sp=0x000000f418cfe4b0
Event: 4793.144 Thread 0x000002554fa04850 DEOPT UNPACKING pc=0x000002553fdc669e sp=0x000000f418cfe428 mode 2
Event: 4799.718 Thread 0x000002554f101c50 Uncommon trap: trap_request=0xffffffe6 fr.pc=0x000002554163ff0c relative=0x000000000000158c
Event: 4799.718 Thread 0x000002554f101c50 Uncommon trap: reason=range_check action=maybe_recompile pc=0x000002554163ff0c method=org.eclipse.jdt.internal.compiler.parser.Scanner.getNextCharAsDigit()Z @ 34 c2
Event: 4799.718 Thread 0x000002554f101c50 DEOPT PACKING pc=0x000002554163ff0c sp=0x000000f4180fce70
Event: 4799.718 Thread 0x000002554f101c50 DEOPT UNPACKING pc=0x000002553fdc669e sp=0x000000f4180fcd70 mode 2
Event: 4810.380 Thread 0x000002554fa04850 Uncommon trap: trap_request=0xffffff45 fr.pc=0x00000255417df360 relative=0x0000000000002300
Event: 4810.380 Thread 0x000002554fa04850 Uncommon trap: reason=unstable_if action=reinterpret pc=0x00000255417df360 method=org.eclipse.jdt.ls.core.internal.handlers.FoldingRangeHandler.computeMethodRanges(Ljava/util/List;Lorg/eclipse/jdt/core/IMember;Lorg/eclipse/jdt/core/compiler/IScanner;)V @ 
Event: 4810.381 Thread 0x000002554fa04850 DEOPT PACKING pc=0x00000255417df360 sp=0x000000f418cff020
Event: 4810.381 Thread 0x000002554fa04850 DEOPT UNPACKING pc=0x000002553fdc669e sp=0x000000f418cfefc8 mode 2
Event: 4811.285 Thread 0x0000025550b51e50 Uncommon trap: trap_request=0xffffff45 fr.pc=0x000002554118b2b8 relative=0x0000000000002378
Event: 4811.285 Thread 0x0000025550b51e50 Uncommon trap: reason=unstable_if action=reinterpret pc=0x000002554118b2b8 method=org.eclipse.jdt.internal.codeassist.complete.CompletionParser.consumeToken(I)V @ 2222 c2
Event: 4811.285 Thread 0x0000025550b51e50 DEOPT PACKING pc=0x000002554118b2b8 sp=0x000000f4189fe1b0
Event: 4811.286 Thread 0x0000025550b51e50 DEOPT UNPACKING pc=0x000002553fdc669e sp=0x000000f4189fe140 mode 2

Classes loaded (20 events):
Event: 1661.036 Loading class sun/security/ssl/SSLBasicKeyDerivation
Event: 1661.042 Loading class sun/security/ssl/SSLBasicKeyDerivation done
Event: 1661.042 Loading class sun/security/ssl/SSLBasicKeyDerivation$SecretSizeSpec
Event: 1661.042 Loading class sun/security/ssl/SSLBasicKeyDerivation$SecretSizeSpec done
Event: 1661.323 Loading class sun/security/ssl/PostHandshakeContext
Event: 1661.324 Loading class sun/security/ssl/PostHandshakeContext done
Event: 1661.324 Loading class sun/security/ssl/NewSessionTicket$T13NewSessionTicketMessage
Event: 1661.325 Loading class sun/security/ssl/NewSessionTicket$T13NewSessionTicketMessage done
Event: 3158.475 Loading class jdk/internal/icu/text/NormalizerBase$NFCModeImpl
Event: 3158.476 Loading class jdk/internal/icu/text/NormalizerBase$NFCModeImpl done
Event: 3158.476 Loading class jdk/internal/icu/impl/Norm2AllModes$NFCSingleton
Event: 3158.477 Loading class jdk/internal/icu/impl/Norm2AllModes$NFCSingleton done
Event: 3158.482 Loading class java/nio/StringCharBuffer
Event: 3158.483 Loading class java/nio/StringCharBuffer done
Event: 3374.418 Loading class java/util/concurrent/ConcurrentHashMap$TreeNode
Event: 3374.419 Loading class java/util/concurrent/ConcurrentHashMap$TreeNode done
Event: 3374.420 Loading class java/util/concurrent/ConcurrentHashMap$TreeBin
Event: 3374.423 Loading class java/util/concurrent/ConcurrentHashMap$TreeBin done
Event: 3461.839 Loading class java/util/concurrent/ForkJoinPool$DefaultForkJoinWorkerThreadFactory$1
Event: 3461.841 Loading class java/util/concurrent/ForkJoinPool$DefaultForkJoinWorkerThreadFactory$1 done

Classes unloaded (20 events):
Event: 3995.303 Thread 0x00000255499ccfa0 Unloading class 0x0000000100326c00 'java/lang/invoke/LambdaForm$MH+0x0000000100326c00'
Event: 3995.304 Thread 0x00000255499ccfa0 Unloading class 0x0000000100327000 'java/lang/invoke/LambdaForm$MH+0x0000000100327000'
Event: 3995.304 Thread 0x00000255499ccfa0 Unloading class 0x000000010032cc00 'java/lang/invoke/LambdaForm$MH+0x000000010032cc00'
Event: 3995.304 Thread 0x00000255499ccfa0 Unloading class 0x000000010032d400 'java/lang/invoke/LambdaForm$MH+0x000000010032d400'
Event: 3995.304 Thread 0x00000255499ccfa0 Unloading class 0x000000010032dc00 'java/lang/invoke/LambdaForm$MH+0x000000010032dc00'
Event: 3995.304 Thread 0x00000255499ccfa0 Unloading class 0x0000000100331000 'java/lang/invoke/LambdaForm$MH+0x0000000100331000'
Event: 3995.304 Thread 0x00000255499ccfa0 Unloading class 0x00000001001a0000 'java/lang/invoke/LambdaForm$MH+0x00000001001a0000'
Event: 3995.304 Thread 0x00000255499ccfa0 Unloading class 0x0000000100996400 'java/lang/invoke/LambdaForm$MH+0x0000000100996400'
Event: 3995.304 Thread 0x00000255499ccfa0 Unloading class 0x0000000100995800 'java/lang/invoke/LambdaForm$MH+0x0000000100995800'
Event: 4090.960 Thread 0x00000255499ccfa0 Unloading class 0x00000001001a1000 'java/lang/invoke/LambdaForm$MH+0x00000001001a1000'
Event: 4090.960 Thread 0x00000255499ccfa0 Unloading class 0x0000000100129000 'java/lang/invoke/LambdaForm$MH+0x0000000100129000'
Event: 4090.960 Thread 0x00000255499ccfa0 Unloading class 0x0000000100229800 'java/lang/invoke/LambdaForm$MH+0x0000000100229800'
Event: 4090.960 Thread 0x00000255499ccfa0 Unloading class 0x000000010024d800 'java/lang/invoke/LambdaForm$MH+0x000000010024d800'
Event: 4090.960 Thread 0x00000255499ccfa0 Unloading class 0x00000001002d7000 'java/lang/invoke/LambdaForm$MH+0x00000001002d7000'
Event: 4090.960 Thread 0x00000255499ccfa0 Unloading class 0x0000000100324400 'java/lang/invoke/LambdaForm$MH+0x0000000100324400'
Event: 4583.662 Thread 0x00000255499ccfa0 Unloading class 0x0000000100659000 'jdk/internal/reflect/GeneratedConstructorAccessor66'
Event: 4583.662 Thread 0x00000255499ccfa0 Unloading class 0x0000000100a04000 'jdk/internal/reflect/GeneratedMethodAccessor36'
Event: 4583.662 Thread 0x00000255499ccfa0 Unloading class 0x000000010073b800 'jdk/internal/reflect/GeneratedSerializationConstructorAccessor3'
Event: 4583.662 Thread 0x00000255499ccfa0 Unloading class 0x000000010073b400 'jdk/internal/reflect/GeneratedSerializationConstructorAccessor2'
Event: 4583.662 Thread 0x00000255499ccfa0 Unloading class 0x000000010073b000 'jdk/internal/reflect/GeneratedSerializationConstructorAccessor1'

Classes redefined (0 events):
No events

Internal exceptions (20 events):
Event: 4363.804 Thread 0x000002554f105400 Exception <a 'java/lang/ArrayIndexOutOfBoundsException'{0x00000000eac4b5a8}: Index 2326 out of bounds for length 2326> (0x00000000eac4b5a8) 
thrown [s\src\hotspot\share\interpreter\interpreterRuntime.cpp, line 428]
Event: 4364.062 Thread 0x000002554f101740 Exception <a 'java/lang/ArrayIndexOutOfBoundsException'{0x00000000eac9de60}: Index 2326 out of bounds for length 2326> (0x00000000eac9de60) 
thrown [s\src\hotspot\share\interpreter\interpreterRuntime.cpp, line 428]
Event: 4364.083 Thread 0x000002554f101740 Exception <a 'java/lang/ArrayIndexOutOfBoundsException'{0x00000000eabed088}: Index 2326 out of bounds for length 2326> (0x00000000eabed088) 
thrown [s\src\hotspot\share\interpreter\interpreterRuntime.cpp, line 428]
Event: 4364.211 Thread 0x000002554f103fc0 Exception <a 'java/lang/ArrayIndexOutOfBoundsException'{0x00000000ead648a0}: Index 2326 out of bounds for length 2326> (0x00000000ead648a0) 
thrown [s\src\hotspot\share\interpreter\interpreterRuntime.cpp, line 428]
Event: 4364.234 Thread 0x000002554f103fc0 Exception <a 'java/lang/ArrayIndexOutOfBoundsException'{0x00000000eac4db20}: Index 2326 out of bounds for length 2326> (0x00000000eac4db20) 
thrown [s\src\hotspot\share\interpreter\interpreterRuntime.cpp, line 428]
Event: 4467.704 Thread 0x000002554fa05780 Exception <a 'sun/nio/fs/WindowsException'{0x00000000eab502c8}> (0x00000000eab502c8) 
thrown [s\src\hotspot\share\prims\jni.cpp, line 516]
Event: 4468.153 Thread 0x000002554fa05780 Exception <a 'sun/nio/fs/WindowsException'{0x00000000eab95970}> (0x00000000eab95970) 
thrown [s\src\hotspot\share\prims\jni.cpp, line 516]
Event: 4470.906 Thread 0x000002554fa05780 Exception <a 'sun/nio/fs/WindowsException'{0x00000000eab6d670}> (0x00000000eab6d670) 
thrown [s\src\hotspot\share\prims\jni.cpp, line 516]
Event: 4471.545 Thread 0x000002554fa05780 Exception <a 'sun/nio/fs/WindowsException'{0x00000000eabdaa40}> (0x00000000eabdaa40) 
thrown [s\src\hotspot\share\prims\jni.cpp, line 516]
Event: 4550.318 Thread 0x0000025550b51e50 Implicit null exception at 0x000002554182a50b to 0x000002554182b0e0
Event: 4561.210 Thread 0x000002554f105400 Exception <a 'java/lang/ClassNotFoundException'{0x00000000eabe9ea0}: sun/net/www/protocol/jdt/Handler> (0x00000000eabe9ea0) 
thrown [s\src\hotspot\share\classfile\systemDictionary.cpp, line 256]
Event: 4561.210 Thread 0x000002554f105400 Exception <a 'java/lang/ClassNotFoundException'{0x00000000eabec1f8}: sun/net/www/protocol/jdt/Handler> (0x00000000eabec1f8) 
thrown [s\src\hotspot\share\classfile\systemDictionary.cpp, line 256]
Event: 4697.277 Thread 0x000002554fcd7000 Exception <a 'java/lang/ClassNotFoundException'{0x00000000ead5f450}: sun/net/www/protocol/jdt/Handler> (0x00000000ead5f450) 
thrown [s\src\hotspot\share\classfile\systemDictionary.cpp, line 256]
Event: 4697.278 Thread 0x000002554fcd7000 Exception <a 'java/lang/ClassNotFoundException'{0x00000000ead653f0}: sun/net/www/protocol/jdt/Handler> (0x00000000ead653f0) 
thrown [s\src\hotspot\share\classfile\systemDictionary.cpp, line 256]
Event: 4697.278 Thread 0x000002554fcd7000 Exception <a 'java/lang/ClassNotFoundException'{0x00000000ead72b90}: sun/net/www/protocol/jdt/Handler> (0x00000000ead72b90) 
thrown [s\src\hotspot\share\classfile\systemDictionary.cpp, line 256]
Event: 4758.496 Thread 0x000002554fcd7000 Exception <a 'java/lang/ClassNotFoundException'{0x00000000eac3d850}: sun/net/www/protocol/jdt/Handler> (0x00000000eac3d850) 
thrown [s\src\hotspot\share\classfile\systemDictionary.cpp, line 256]
Event: 4758.496 Thread 0x000002554fcd7000 Exception <a 'java/lang/ClassNotFoundException'{0x00000000eac3fb70}: sun/net/www/protocol/jdt/Handler> (0x00000000eac3fb70) 
thrown [s\src\hotspot\share\classfile\systemDictionary.cpp, line 256]
Event: 4758.496 Thread 0x000002554fcd7000 Exception <a 'java/lang/ClassNotFoundException'{0x00000000eac41ff0}: sun/net/www/protocol/jdt/Handler> (0x00000000eac41ff0) 
thrown [s\src\hotspot\share\classfile\systemDictionary.cpp, line 256]
Event: 4791.105 Thread 0x000002554f1044d0 Implicit null exception at 0x0000025541377e19 to 0x0000025541378544
Event: 4799.719 Thread 0x000002554f101c50 Exception <a 'java/lang/ArrayIndexOutOfBoundsException'{0x00000000eab41038}: Index 1 out of bounds for length 1> (0x00000000eab41038) 
thrown [s\src\hotspot\share\interpreter\interpreterRuntime.cpp, line 428]

VM Operations (20 events):
Event: 4811.512 Executing VM operation: ParallelGCFailedAllocation done
Event: 4811.738 Executing VM operation: ParallelGCFailedAllocation
Event: 4811.740 Executing VM operation: ParallelGCFailedAllocation done
Event: 4811.897 Executing VM operation: ParallelGCFailedAllocation
Event: 4811.898 Executing VM operation: ParallelGCFailedAllocation done
Event: 4811.994 Executing VM operation: ParallelGCFailedAllocation
Event: 4811.996 Executing VM operation: ParallelGCFailedAllocation done
Event: 4812.168 Executing VM operation: ParallelGCFailedAllocation
Event: 4812.170 Executing VM operation: ParallelGCFailedAllocation done
Event: 4812.346 Executing VM operation: ParallelGCFailedAllocation
Event: 4812.349 Executing VM operation: ParallelGCFailedAllocation done
Event: 4812.424 Executing VM operation: ParallelGCFailedAllocation
Event: 4812.428 Executing VM operation: ParallelGCFailedAllocation done
Event: 4812.445 Executing VM operation: ParallelGCFailedAllocation
Event: 4812.447 Executing VM operation: ParallelGCFailedAllocation done
Event: 4812.464 Executing VM operation: ParallelGCFailedAllocation
Event: 4812.466 Executing VM operation: ParallelGCFailedAllocation done
Event: 4812.672 Executing VM operation: ParallelGCFailedAllocation
Event: 4812.676 Executing VM operation: ParallelGCFailedAllocation done
Event: 4812.806 Executing VM operation: ParallelGCFailedAllocation

Memory protections (0 events):
No events

Nmethod flushes (20 events):
Event: 4754.600 Thread 0x000002554ec1cf40 flushing  nmethod 0x000002553a491110
Event: 4754.602 Thread 0x000002554ec1cf40 flushing  nmethod 0x000002553a610810
Event: 4754.602 Thread 0x000002554ec1cf40 flushing  nmethod 0x000002553a625390
Event: 4754.603 Thread 0x000002554ec1cf40 flushing  nmethod 0x000002553a670090
Event: 4754.603 Thread 0x000002554ec1cf40 flushing  nmethod 0x000002553a6a0690
Event: 4754.604 Thread 0x000002554ec1cf40 flushing  nmethod 0x000002553a775d10
Event: 4754.604 Thread 0x000002554ec1cf40 flushing  nmethod 0x000002553a776290
Event: 4754.604 Thread 0x000002554ec1cf40 flushing  nmethod 0x000002553a776890
Event: 4754.604 Thread 0x000002554ec1cf40 flushing  nmethod 0x000002553a779410
Event: 4754.604 Thread 0x000002554ec1cf40 flushing  nmethod 0x000002553a77e990
Event: 4754.604 Thread 0x000002554ec1cf40 flushing  nmethod 0x000002553a798e10
Event: 4754.604 Thread 0x000002554ec1cf40 flushing  nmethod 0x000002553a7a6410
Event: 4754.607 Thread 0x000002554ec1cf40 flushing  nmethod 0x000002553a970590
Event: 4754.607 Thread 0x000002554ec1cf40 flushing  nmethod 0x000002553a986d10
Event: 4754.607 Thread 0x000002554ec1cf40 flushing  nmethod 0x000002553a9a9090
Event: 4754.608 Thread 0x000002554ec1cf40 flushing  nmethod 0x000002553a9e9290
Event: 4754.609 Thread 0x000002554ec1cf40 flushing  nmethod 0x000002553ab0e910
Event: 4754.610 Thread 0x000002554ec1cf40 flushing  nmethod 0x000002553aba3890
Event: 4754.612 Thread 0x000002554ec1cf40 flushing  nmethod 0x000002553ad14590
Event: 4754.614 Thread 0x000002554ec1cf40 flushing  nmethod 0x000002553ae53d90

Events (20 events):
Event: 4149.446 Thread 0x000002554fa04850 Thread added: 0x000002554f101740
Event: 4239.147 Thread 0x0000025550b51e50 Thread added: 0x000002554f101230
Event: 4299.216 Thread 0x000002554f101230 Thread exited: 0x000002554f101230
Event: 4366.154 Thread 0x000002554f0fe4a0 Thread exited: 0x000002554f0fe4a0
Event: 4442.053 Thread 0x000002554f103fc0 Thread exited: 0x000002554f103fc0
Event: 4467.643 Thread 0x000002554f104ef0 Thread added: 0x000002554fcd7510
Event: 4467.708 Thread 0x000002554f0ff8e0 Thread added: 0x000002554fcd7000
Event: 4467.717 Thread 0x000002554f104ef0 Thread added: 0x000002554fcd2410
Event: 4467.767 Thread 0x000002554f104ef0 Thread added: 0x000002554fcd6af0
Event: 4530.620 Thread 0x000002554fcd2410 Thread exited: 0x000002554fcd2410
Event: 4535.213 Thread 0x000002554fcd7000 Thread exited: 0x000002554fcd7000
Event: 4633.005 Thread 0x000002554f104ef0 Thread added: 0x000002554fcd7a20
Event: 4697.259 Thread 0x0000025550b51e50 Thread added: 0x000002554fcd7000
Event: 4757.285 Thread 0x000002554fcd7000 Thread exited: 0x000002554fcd7000
Event: 4758.477 Thread 0x0000025550b51e50 Thread added: 0x000002554fcd7000
Event: 4767.544 Thread 0x000002554f104ef0 Thread added: 0x000002554fcd3d60
Event: 4767.545 Thread 0x000002554fcd3d60 Thread exited: 0x000002554fcd3d60
Event: 4767.774 Thread 0x000002554fcd6af0 Thread exited: 0x000002554fcd6af0
Event: 4769.227 Thread 0x000002554f101740 Thread added: 0x000002554fcd0ac0
Event: 4770.569 Thread 0x000002554fcd7510 Thread exited: 0x000002554fcd7510


Dynamic libraries:
0x00007ff79eec0000 - 0x00007ff79eece000 	c:\Users\Dayanna\.vscode\extensions\redhat.java-1.37.0-win32-x64\jre\17.0.13-win32-x86_64\bin\java.exe
0x00007ffa7d380000 - 0x00007ffa7d570000 	C:\Windows\SYSTEM32\ntdll.dll
0x00007ffa7c450000 - 0x00007ffa7c502000 	C:\Windows\System32\KERNEL32.DLL
0x00007ffa7a320000 - 0x00007ffa7a5c5000 	C:\Windows\System32\KERNELBASE.dll
0x00007ffa7aa80000 - 0x00007ffa7ab7a000 	C:\Windows\System32\ucrtbase.dll
0x00007ffa73d30000 - 0x00007ffa73d47000 	c:\Users\Dayanna\.vscode\extensions\redhat.java-1.37.0-win32-x64\jre\17.0.13-win32-x86_64\bin\jli.dll
0x00007ffa7cb90000 - 0x00007ffa7cd24000 	C:\Windows\System32\USER32.dll
0x00007ffa7a6c0000 - 0x00007ffa7a6e1000 	C:\Windows\System32\win32u.dll
0x00007ffa7d1d0000 - 0x00007ffa7d1f6000 	C:\Windows\System32\GDI32.dll
0x00007ffa7a780000 - 0x00007ffa7a918000 	C:\Windows\System32\gdi32full.dll
0x00007ffa7a620000 - 0x00007ffa7a6be000 	C:\Windows\System32\msvcp_win.dll
0x00007ffa73d10000 - 0x00007ffa73d2e000 	c:\Users\Dayanna\.vscode\extensions\redhat.java-1.37.0-win32-x64\jre\17.0.13-win32-x86_64\bin\VCRUNTIME140.dll
0x00007ffa6c540000 - 0x00007ffa6c7c4000 	C:\Windows\WinSxS\amd64_microsoft.windows.common-controls_6595b64144ccf1df_6.0.18362.1556_none_9e7e372fe45e41d5\COMCTL32.dll
0x00007ffa7caf0000 - 0x00007ffa7cb8e000 	C:\Windows\System32\msvcrt.dll
0x00007ffa7c680000 - 0x00007ffa7c9b6000 	C:\Windows\System32\combase.dll
0x00007ffa7cda0000 - 0x00007ffa7cebf000 	C:\Windows\System32\RPCRT4.dll
0x00007ffa7a6f0000 - 0x00007ffa7a771000 	C:\Windows\System32\bcryptPrimitives.dll
0x00007ffa7c650000 - 0x00007ffa7c67e000 	C:\Windows\System32\IMM32.DLL
0x00007ffa76790000 - 0x00007ffa7679c000 	c:\Users\Dayanna\.vscode\extensions\redhat.java-1.37.0-win32-x64\jre\17.0.13-win32-x86_64\bin\vcruntime140_1.dll
0x00007ffa5ccf0000 - 0x00007ffa5cd7d000 	c:\Users\Dayanna\.vscode\extensions\redhat.java-1.37.0-win32-x64\jre\17.0.13-win32-x86_64\bin\msvcp140.dll
0x00007ffa3bca0000 - 0x00007ffa3c90b000 	c:\Users\Dayanna\.vscode\extensions\redhat.java-1.37.0-win32-x64\jre\17.0.13-win32-x86_64\bin\server\jvm.dll
0x00007ffa7c330000 - 0x00007ffa7c3d3000 	C:\Windows\System32\ADVAPI32.dll
0x00007ffa7b510000 - 0x00007ffa7b5a7000 	C:\Windows\System32\sechost.dll
0x00007ffa7a2a0000 - 0x00007ffa7a2ea000 	C:\Windows\System32\POWRPROF.dll
0x00007ffa7a230000 - 0x00007ffa7a240000 	C:\Windows\System32\UMPDC.dll
0x00007ffa7c3e0000 - 0x00007ffa7c44f000 	C:\Windows\System32\WS2_32.dll
0x00007ffa77d10000 - 0x00007ffa77d34000 	C:\Windows\SYSTEM32\WINMM.dll
0x00007ffa6c2b0000 - 0x00007ffa6c2ba000 	C:\Windows\SYSTEM32\VERSION.dll
0x00007ffa77ce0000 - 0x00007ffa77d0d000 	C:\Windows\SYSTEM32\WINMMBASE.dll
0x00007ffa7a5d0000 - 0x00007ffa7a61a000 	C:\Windows\System32\cfgmgr32.dll
0x00007ffa7a260000 - 0x00007ffa7a271000 	C:\Windows\System32\kernel.appcore.dll
0x00007ffa73d00000 - 0x00007ffa73d0a000 	c:\Users\Dayanna\.vscode\extensions\redhat.java-1.37.0-win32-x64\jre\17.0.13-win32-x86_64\bin\jimage.dll
0x00007ffa78ab0000 - 0x00007ffa78ca4000 	C:\Windows\SYSTEM32\DBGHELP.DLL
0x00007ffa6e890000 - 0x00007ffa6e8ba000 	C:\Windows\SYSTEM32\dbgcore.DLL
0x00007ffa73c90000 - 0x00007ffa73c9e000 	c:\Users\Dayanna\.vscode\extensions\redhat.java-1.37.0-win32-x64\jre\17.0.13-win32-x86_64\bin\instrument.dll
0x00007ffa73c50000 - 0x00007ffa73c75000 	c:\Users\Dayanna\.vscode\extensions\redhat.java-1.37.0-win32-x64\jre\17.0.13-win32-x86_64\bin\java.dll
0x00007ffa73c30000 - 0x00007ffa73c48000 	c:\Users\Dayanna\.vscode\extensions\redhat.java-1.37.0-win32-x64\jre\17.0.13-win32-x86_64\bin\zip.dll
0x00007ffa7baf0000 - 0x00007ffa7c1d7000 	C:\Windows\System32\SHELL32.dll
0x00007ffa7ba20000 - 0x00007ffa7bac8000 	C:\Windows\System32\shcore.dll
0x00007ffa7abe0000 - 0x00007ffa7b35b000 	C:\Windows\System32\windows.storage.dll
0x00007ffa7a280000 - 0x00007ffa7a29e000 	C:\Windows\System32\profapi.dll
0x00007ffa7c520000 - 0x00007ffa7c572000 	C:\Windows\System32\shlwapi.dll
0x00007ffa7b360000 - 0x00007ffa7b377000 	C:\Windows\System32\cryptsp.dll
0x00007ffa73c00000 - 0x00007ffa73c19000 	C:\Users\Dayanna\.vscode\extensions\redhat.java-1.37.0-win32-x64\jre\17.0.13-win32-x86_64\bin\net.dll
0x00007ffa72bd0000 - 0x00007ffa72cca000 	C:\Windows\SYSTEM32\WINHTTP.dll
0x00007ffa79a10000 - 0x00007ffa79a77000 	C:\Windows\system32\mswsock.dll
0x00007ffa73790000 - 0x00007ffa737a6000 	C:\Users\Dayanna\.vscode\extensions\redhat.java-1.37.0-win32-x64\jre\17.0.13-win32-x86_64\bin\nio.dll
0x00007ffa767f0000 - 0x00007ffa76800000 	c:\Users\Dayanna\.vscode\extensions\redhat.java-1.37.0-win32-x64\jre\17.0.13-win32-x86_64\bin\verify.dll
0x00007ffa65030000 - 0x00007ffa65075000 	C:\Users\Dayanna\AppData\Roaming\Code\User\globalStorage\redhat.java\1.37.0\config_win\org.eclipse.equinox.launcher\org.eclipse.equinox.launcher.win32.win32.x86_64_1.2.1100.v20240722-2106\eclipse_11904.dll
0x00007ffa7cec0000 - 0x00007ffa7d017000 	C:\Windows\System32\ole32.dll
0x00007ffa76820000 - 0x00007ffa7682a000 	C:\Users\Dayanna\.vscode\extensions\redhat.java-1.37.0-win32-x64\jre\17.0.13-win32-x86_64\bin\management.dll
0x00007ffa76810000 - 0x00007ffa7681b000 	C:\Users\Dayanna\.vscode\extensions\redhat.java-1.37.0-win32-x64\jre\17.0.13-win32-x86_64\bin\management_ext.dll
0x00007ffa7c510000 - 0x00007ffa7c518000 	C:\Windows\System32\PSAPI.DLL
0x00007ffa79590000 - 0x00007ffa795c3000 	C:\Windows\system32\rsaenh.dll
0x00007ffa7a2f0000 - 0x00007ffa7a316000 	C:\Windows\System32\bcrypt.dll
0x00007ffa7a150000 - 0x00007ffa7a175000 	C:\Windows\SYSTEM32\USERENV.dll
0x00007ffa79be0000 - 0x00007ffa79bec000 	C:\Windows\SYSTEM32\CRYPTBASE.dll
0x00007ffa79720000 - 0x00007ffa7975a000 	C:\Windows\SYSTEM32\IPHLPAPI.DLL
0x00007ffa7cd30000 - 0x00007ffa7cd38000 	C:\Windows\System32\NSI.dll
0x00007ffa70bd0000 - 0x00007ffa70be6000 	C:\Windows\SYSTEM32\dhcpcsvc6.DLL
0x00007ffa71cd0000 - 0x00007ffa71cec000 	C:\Windows\SYSTEM32\dhcpcsvc.DLL
0x00007ffa79760000 - 0x00007ffa7982b000 	C:\Windows\SYSTEM32\DNSAPI.dll
0x00007ffa56860000 - 0x00007ffa568a9000 	C:\Users\Dayanna\AppData\Local\Temp\jna--1182486500\jna2027755936755284292.dll
0x00007ffa767b0000 - 0x00007ffa767be000 	C:\Users\Dayanna\.vscode\extensions\redhat.java-1.37.0-win32-x64\jre\17.0.13-win32-x86_64\bin\sunmscapi.dll
0x00007ffa7a920000 - 0x00007ffa7aa71000 	C:\Windows\System32\CRYPT32.dll
0x00007ffa7a240000 - 0x00007ffa7a252000 	C:\Windows\System32\MSASN1.dll
0x00007ffa79cf0000 - 0x00007ffa79d16000 	C:\Windows\SYSTEM32\ncrypt.dll
0x00007ffa79cb0000 - 0x00007ffa79ceb000 	C:\Windows\SYSTEM32\NTASN1.dll
0x0000000059a60000 - 0x0000000059a86000 	C:\Program Files\Bonjour\mdnsNSP.dll
0x00007ffa6c2a0000 - 0x00007ffa6c2aa000 	C:\Windows\System32\rasadhlp.dll
0x00007ffa709e0000 - 0x00007ffa70a57000 	C:\Windows\System32\fwpuclnt.dll
0x00007ffa767a0000 - 0x00007ffa767a9000 	C:\Users\Dayanna\.vscode\extensions\redhat.java-1.37.0-win32-x64\jre\17.0.13-win32-x86_64\bin\extnet.dll

dbghelp: loaded successfully - version: 4.0.5 - missing functions: none
symbol engine: initialized successfully - sym options: 0x614 - pdb path: .;c:\Users\Dayanna\.vscode\extensions\redhat.java-1.37.0-win32-x64\jre\17.0.13-win32-x86_64\bin;C:\Windows\SYSTEM32;C:\Windows\WinSxS\amd64_microsoft.windows.common-controls_6595b64144ccf1df_6.0.18362.1556_none_9e7e372fe45e41d5;c:\Users\Dayanna\.vscode\extensions\redhat.java-1.37.0-win32-x64\jre\17.0.13-win32-x86_64\bin\server;C:\Users\Dayanna\AppData\Roaming\Code\User\globalStorage\redhat.java\1.37.0\config_win\org.eclipse.equinox.launcher\org.eclipse.equinox.launcher.win32.win32.x86_64_1.2.1100.v20240722-2106;C:\Users\Dayanna\AppData\Local\Temp\jna--1182486500;C:\Program Files\Bonjour

VM Arguments:
jvm_args: --add-modules=ALL-SYSTEM --add-opens=java.base/java.util=ALL-UNNAMED --add-opens=java.base/java.lang=ALL-UNNAMED --add-opens=java.base/sun.nio.fs=ALL-UNNAMED -Declipse.application=org.eclipse.jdt.ls.core.id1 -Dosgi.bundles.defaultStartLevel=4 -Declipse.product=org.eclipse.jdt.ls.core.product -Djava.import.generatesMetadataFilesAtProjectRoot=false -DDetectVMInstallationsJob.disabled=true -Dfile.encoding=utf8 -XX:+UseParallelGC -XX:GCTimeRatio=4 -XX:AdaptiveSizePolicyWeight=90 -Dsun.zip.disableMemoryMapping=true -Xmx1G -Xms100m -Xlog:disable -javaagent:c:\Users\Dayanna\.vscode\extensions\redhat.java-1.37.0-win32-x64\lombok\lombok-1.18.34.jar -XX:+HeapDumpOnOutOfMemoryError -XX:HeapDumpPath=c:\Users\Dayanna\AppData\Roaming\Code\User\workspaceStorage\b07ed621ba5d2c04f47403fa625df284\redhat.java -Daether.dependencyCollector.impl=bf 
java_command: c:\Users\Dayanna\.vscode\extensions\redhat.java-1.37.0-win32-x64\server\plugins\org.eclipse.equinox.launcher_1.6.900.v20240613-2009.jar -configuration c:\Users\Dayanna\AppData\Roaming\Code\User\globalStorage\redhat.java\1.37.0\config_win -data c:\Users\Dayanna\AppData\Roaming\Code\User\workspaceStorage\b07ed621ba5d2c04f47403fa625df284\redhat.java\jdt_ws --pipe=\\.\pipe\lsp-ad5ea52224038b25853b9bf069b70e71-sock
java_class_path (initial): c:\Users\Dayanna\.vscode\extensions\redhat.java-1.37.0-win32-x64\server\plugins\org.eclipse.equinox.launcher_1.6.900.v20240613-2009.jar
Launcher Type: SUN_STANDARD

[Global flags]
    uintx AdaptiveSizePolicyWeight                 = 90                                        {product} {command line}
     intx CICompilerCount                          = 3                                         {product} {ergonomic}
    uintx GCTimeRatio                              = 4                                         {product} {command line}
     bool HeapDumpOnOutOfMemoryError               = true                                   {manageable} {command line}
    ccstr HeapDumpPath                             = c:\Users\Dayanna\AppData\Roaming\Code\User\workspaceStorage\b07ed621ba5d2c04f47403fa625df284\redhat.java         {manageable} {command line}
   size_t InitialHeapSize                          = 104857600                                 {product} {command line}
   size_t MaxHeapSize                              = 1073741824                                {product} {command line}
   size_t MaxNewSize                               = 357564416                                 {product} {ergonomic}
   size_t MinHeapDeltaBytes                        = 524288                                    {product} {ergonomic}
   size_t MinHeapSize                              = 104857600                                 {product} {command line}
   size_t NewSize                                  = 34603008                                  {product} {ergonomic}
    uintx NonNMethodCodeHeapSize                   = 5832780                                {pd product} {ergonomic}
    uintx NonProfiledCodeHeapSize                  = 122912730                              {pd product} {ergonomic}
   size_t OldSize                                  = 70254592                                  {product} {ergonomic}
    uintx ProfiledCodeHeapSize                     = 122912730                              {pd product} {ergonomic}
    uintx ReservedCodeCacheSize                    = 251658240                              {pd product} {ergonomic}
     bool SegmentedCodeCache                       = true                                      {product} {ergonomic}
   size_t SoftMaxHeapSize                          = 1073741824                             {manageable} {ergonomic}
     bool UseCompressedClassPointers               = true                           {product lp64_product} {ergonomic}
     bool UseCompressedOops                        = true                           {product lp64_product} {ergonomic}
     bool UseLargePagesIndividualAllocation        = false                                  {pd product} {ergonomic}
     bool UseParallelGC                            = true                                      {product} {command line}

Logging:
Log output configuration:
 #0: stdout all=off uptime,level,tags
 #1: stderr all=off uptime,level,tags

Environment Variables:
PATH=C:\Program Files\Common Files\Oracle\Java\javapath;C:\Program Files (x86)\Intel\TXE Components\TCS\;C:\Program Files\Intel\TXE Components\TCS\;C:\Windows\system32;C:\Windows;C:\Windows\System32\Wbem;C:\Windows\System32\WindowsPowerShell\v1.0\;C:\Windows\System32\OpenSSH\;C:\Program Files\Git\cmd;C:\Users\Dayanna\AppData\Local\Microsoft\WindowsApps;C:\Users\Dayanna\AppData\Local\Programs\Microsoft VS Code\bin
USERNAME=Dayanna
OS=Windows_NT
PROCESSOR_IDENTIFIER=Intel64 Family 6 Model 55 Stepping 8, GenuineIntel
TMP=C:\Users\Dayanna\AppData\Local\Temp
TEMP=C:\Users\Dayanna\AppData\Local\Temp



Periodic native trim disabled


---------------  S Y S T E M  ---------------

OS:
 Windows 10 , 64 bit Build 18362 (10.0.18362.1500)
OS uptime: 0 days 22:17 hours

CPU: total 4 (initial active 4) (4 cores per cpu, 1 threads per core) family 6 model 55 stepping 8 microcode 0x838, cx8, cmov, fxsr, mmx, 3dnowpref, sse, sse2, sse3, ssse3, sse4.1, sse4.2, popcnt, tsc, tscinvbit, erms, clmul, clflush
Processor Information for all 4 processors :
  Max Mhz: 2159, Current Mhz: 2159, Mhz Limit: 2159

Memory: 4k page, system-wide physical 3978M (839M free)
TotalPageFile size 10634M (AvailPageFile size 3175M)
current process WorkingSet (physical memory assigned to process): 376M, peak: 726M
current process commit charge ("private bytes"): 431M, peak: 626M

vm_info: OpenJDK 64-Bit Server VM (17.0.13+11) for windows-amd64 JRE (17.0.13+11), built on Oct 16 2024 00:10:08 by "admin" with MS VC++ 17.7 (VS2022)

END.
